#
# There is insufficient memory for the Java Runtime Environment to continue.
# Native memory allocation (mmap) failed to map 211288064 bytes for committing reserved memory.
# Possible reasons:
#   The system is out of physical RAM or swap space
#   The process is running with CompressedOops enabled, and the Java Heap may be blocking the growth of the native heap
# Possible solutions:
#   Reduce memory load on the system
#   Increase physical memory or swap space
#   Check if swap backing store is full
#   Decrease Java heap size (-Xmx/-Xms)
#   Decrease number of Java threads
#   Decrease Java thread stack sizes (-Xss)
#   Set larger code cache with -XX:ReservedCodeCacheSize=
#   JVM is running with Unscaled Compressed Oops mode in which the Java heap is
#     placed in the first 4GB address space. The Java Heap base address is the
#     maximum limit for the native heap growth. Please use -XX:HeapBaseMinAddress
#     to set the Java Heap base and to place the Java Heap above 4GB virtual address.
# This output file may be truncated or incomplete.
#
#  Out of Memory Error (os_linux.cpp:2749), pid=2278, tid=0x00007f025ae52700
#
# JRE version: Java(TM) SE Runtime Environment (8.0_231-b11) (build 1.8.0_231-b11)
# Java VM: Java HotSpot(TM) 64-Bit Server VM (25.231-b11 mixed mode linux-amd64 compressed oops)
# Core dump written. Default location: /home/lala/IdeaProjects/wifi_sign/core or core.2278
#

---------------  T H R E A D  ---------------

Current thread (0x00007f027013f000):  VMThread [stack: 0x00007f025ad53000,0x00007f025ae53000] [id=2287]

Stack: [0x00007f025ad53000,0x00007f025ae53000],  sp=0x00007f025ae513f0,  free space=1016k
Native frames: (J=compiled Java code, j=interpreted, Vv=VM code, C=native code)
V  [libjvm.so+0xad4455]  VMError::report_and_die()+0x2e5
V  [libjvm.so+0x4e0787]  report_vm_out_of_memory(char const*, int, unsigned long, VMErrorType, char const*)+0x67
V  [libjvm.so+0x910680]  os::pd_commit_memory(char*, unsigned long, unsigned long, bool)+0x100
V  [libjvm.so+0x907caf]  os::commit_memory(char*, unsigned long, unsigned long, bool)+0x1f
V  [libjvm.so+0x98ca96]  PSVirtualSpace::expand_by(unsigned long)+0x56
V  [libjvm.so+0x98dd28]  PSYoungGen::resize(unsigned long, unsigned long)+0xd8
V  [libjvm.so+0x98a4c6]  PSScavenge::invoke_no_policy()+0x1376
V  [libjvm.so+0x98a85c]  PSScavenge::invoke()+0x4c
V  [libjvm.so+0x93a5a8]  ParallelScavengeHeap::failed_mem_allocate(unsigned long)+0x68
V  [libjvm.so+0xad5fa3]  VM_ParallelGCFailedAllocation::doit()+0x93
V  [libjvm.so+0xadb216]  VM_Operation::evaluate()+0x46
V  [libjvm.so+0xad954d]  VMThread::evaluate_operation(VM_Operation*) [clone .constprop.44]+0xcd
V  [libjvm.so+0xad9b33]  VMThread::loop()+0x3a3
V  [libjvm.so+0xad9f08]  VMThread::run()+0x78
V  [libjvm.so+0x90dcb2]  java_start(Thread*)+0x102

VM_Operation (0x00007f0274fa57e0): ParallelGCFailedAllocation, mode: safepoint, requested by thread 0x00007f027000a800


---------------  P R O C E S S  ---------------

Java Threads: ( => current thread )
  0x00007f0270187800 JavaThread "Service Thread" daemon [_thread_blocked, id=2294, stack(0x00007f025a067000,0x00007f025a168000)]
  0x00007f0270184800 JavaThread "C1 CompilerThread2" daemon [_thread_blocked, id=2293, stack(0x00007f025a169000,0x00007f025a269000)]
  0x00007f0270182800 JavaThread "C2 CompilerThread1" daemon [_thread_blocked, id=2292, stack(0x00007f025a26a000,0x00007f025a36a000)]
  0x00007f027017f800 JavaThread "C2 CompilerThread0" daemon [_thread_blocked, id=2291, stack(0x00007f025a36b000,0x00007f025a46b000)]
  0x00007f027017e000 JavaThread "Signal Dispatcher" daemon [_thread_blocked, id=2290, stack(0x00007f025a46b000,0x00007f025a56c000)]
  0x00007f027014d800 JavaThread "Finalizer" daemon [_thread_blocked, id=2289, stack(0x00007f025ab50000,0x00007f025ac51000)]
  0x00007f0270149000 JavaThread "Reference Handler" daemon [_thread_blocked, id=2288, stack(0x00007f025ac51000,0x00007f025ad52000)]
  0x00007f027000a800 JavaThread "main" [_thread_blocked, id=2282, stack(0x00007f0274ea9000,0x00007f0274fa9000)]

Other Threads:
=>0x00007f027013f000 VMThread [stack: 0x00007f025ad53000,0x00007f025ae53000] [id=2287]
  0x00007f027018a800 WatcherThread [stack: 0x00007f0259f67000,0x00007f025a067000] [id=2295]

VM state:at safepoint (normal execution)

VM Mutex/Monitor currently owned by a thread:  ([mutex/lock_event])
[0x00007f0270007a70] Threads_lock - owner thread: 0x00007f027013f000
[0x00007f0270007f70] Heap_lock - owner thread: 0x00007f027000a800

heap address: 0x0000000084e00000, size: 1970 MB, Compressed Oops mode: 32-bit
Narrow klass base: 0x0000000000000000, Narrow klass shift: 3
Compressed class space size: 1073741824 Address: 0x0000000100000000

Heap:
 PSYoungGen      total 276992K, used 20713K [0x00000000d6f80000, 0x00000000e9480000, 0x0000000100000000)
  eden space 253952K, 0% used [0x00000000d6f80000,0x00000000d6f80000,0x00000000e6780000)
  from space 23040K, 89% used [0x00000000e6780000,0x00000000e7bba710,0x00000000e7e00000)
  to   space 22016K, 0% used [0x00000000e7f00000,0x00000000e7f00000,0x00000000e9480000)
 ParOldGen       total 70144K, used 14109K [0x0000000084e00000, 0x0000000089280000, 0x00000000d6f80000)
  object space 70144K, 20% used [0x0000000084e00000,0x0000000085bc7700,0x0000000089280000)
 Metaspace       used 23950K, capacity 24368K, committed 24704K, reserved 1071104K
  class space    used 2996K, capacity 3103K, committed 3200K, reserved 1048576K

Card table byte_map: [0x00007f02740a9000,0x00007f0274483000] byte_map_base: 0x00007f0273c82000

Marking Bits: (ParMarkBitMap*) 0x00007f02760bbde0
 Begin Bits: [0x00007f025cbdb000, 0x00007f025eaa3000)
 End Bits:   [0x00007f025eaa3000, 0x00007f026096b000)

Polling page: 0x00007f027653c000

CodeCache: size=245760Kb used=8654Kb max_used=8665Kb free=237105Kb
 bounds [0x00007f0261000000, 0x00007f0261880000, 0x00007f0270000000]
 total_blobs=2833 nmethods=2460 adapters=286
 compilation: enabled

Compilation events (10 events):
Event: 3.917 Thread 0x00007f0270182800 2482       4       java.util.LinkedHashMap::values (25 bytes)
Event: 3.917 Thread 0x00007f0270184800 nmethod 2494 0x00007f0261870b10 code [0x00007f0261870d00, 0x00007f0261871488]
Event: 3.918 Thread 0x00007f0270182800 nmethod 2482 0x00007f026183e550 code [0x00007f026183e6a0, 0x00007f026183e798]
Event: 3.918 Thread 0x00007f0270182800 2486       4       java.io.File::<init> (47 bytes)
Event: 3.925 Thread 0x00007f0270182800 nmethod 2486 0x00007f026187a150 code [0x00007f026187a2c0, 0x00007f026187a668]
Event: 3.925 Thread 0x00007f0270182800 2483       4       java.util.LinkedHashMap$LinkedValues::iterator (12 bytes)
Event: 3.926 Thread 0x00007f0270182800 nmethod 2483 0x00007f02618725d0 code [0x00007f0261872720, 0x00007f0261872838]
Event: 3.926 Thread 0x00007f0270182800 2484       4       java.nio.charset.Charset::atBugLevel (44 bytes)
Event: 3.929 Thread 0x00007f0270182800 nmethod 2484 0x00007f0261873d90 code [0x00007f0261873ee0, 0x00007f0261874038]
Event: 3.929 Thread 0x00007f0270182800 2495   !   4       java.util.zip.ZipFile$ZipFileInflaterInputStream::close (67 bytes)

GC Heap History (10 events):
Event: 1.938 GC heap after
Heap after GC invocations=3 (full 0):
 PSYoungGen      total 68608K, used 5104K [0x00000000d6f80000, 0x00000000df580000, 0x0000000100000000)
  eden space 63488K, 0% used [0x00000000d6f80000,0x00000000d6f80000,0x00000000dad80000)
  from space 5120K, 99% used [0x00000000dad80000,0x00000000db27c030,0x00000000db280000)
  to   space 5120K, 0% used [0x00000000df080000,0x00000000df080000,0x00000000df580000)
 ParOldGen       total 84992K, used 7691K [0x0000000084e00000, 0x000000008a100000, 0x00000000d6f80000)
  object space 84992K, 9% used [0x0000000084e00000,0x0000000085582fd0,0x000000008a100000)
 Metaspace       used 17236K, capacity 17470K, committed 17664K, reserved 1064960K
  class space    used 2162K, capacity 2207K, committed 2304K, reserved 1048576K
}
Event: 2.255 GC heap before
{Heap before GC invocations=4 (full 0):
 PSYoungGen      total 68608K, used 68592K [0x00000000d6f80000, 0x00000000df580000, 0x0000000100000000)
  eden space 63488K, 100% used [0x00000000d6f80000,0x00000000dad80000,0x00000000dad80000)
  from space 5120K, 99% used [0x00000000dad80000,0x00000000db27c030,0x00000000db280000)
  to   space 5120K, 0% used [0x00000000df080000,0x00000000df080000,0x00000000df580000)
 ParOldGen       total 84992K, used 7691K [0x0000000084e00000, 0x000000008a100000, 0x00000000d6f80000)
  object space 84992K, 9% used [0x0000000084e00000,0x0000000085582fd0,0x000000008a100000)
 Metaspace       used 18723K, capacity 18962K, committed 19072K, reserved 1067008K
  class space    used 2350K, capacity 2397K, committed 2432K, reserved 1048576K
Event: 2.272 GC heap after
Heap after GC invocations=4 (full 0):
 PSYoungGen      total 132096K, used 5114K [0x00000000d6f80000, 0x00000000df580000, 0x0000000100000000)
  eden space 126976K, 0% used [0x00000000d6f80000,0x00000000d6f80000,0x00000000deb80000)
  from space 5120K, 99% used [0x00000000df080000,0x00000000df57ebb8,0x00000000df580000)
  to   space 5120K, 0% used [0x00000000deb80000,0x00000000deb80000,0x00000000df080000)
 ParOldGen       total 84992K, used 15169K [0x0000000084e00000, 0x000000008a100000, 0x00000000d6f80000)
  object space 84992K, 17% used [0x0000000084e00000,0x0000000085cd0558,0x000000008a100000)
 Metaspace       used 18723K, capacity 18962K, committed 19072K, reserved 1067008K
  class space    used 2350K, capacity 2397K, committed 2432K, reserved 1048576K
}
Event: 2.679 GC heap before
{Heap before GC invocations=5 (full 0):
 PSYoungGen      total 132096K, used 132090K [0x00000000d6f80000, 0x00000000df580000, 0x0000000100000000)
  eden space 126976K, 100% used [0x00000000d6f80000,0x00000000deb80000,0x00000000deb80000)
  from space 5120K, 99% used [0x00000000df080000,0x00000000df57ebb8,0x00000000df580000)
  to   space 5120K, 0% used [0x00000000deb80000,0x00000000deb80000,0x00000000df080000)
 ParOldGen       total 84992K, used 15169K [0x0000000084e00000, 0x000000008a100000, 0x00000000d6f80000)
  object space 84992K, 17% used [0x0000000084e00000,0x0000000085cd0558,0x000000008a100000)
 Metaspace       used 20892K, capacity 21192K, committed 21296K, reserved 1069056K
  class space    used 2604K, capacity 2675K, committed 2688K, reserved 1048576K
Event: 2.702 GC heap after
Heap after GC invocations=5 (full 0):
 PSYoungGen      total 132096K, used 5104K [0x00000000d6f80000, 0x00000000e9680000, 0x0000000100000000)
  eden space 126976K, 0% used [0x00000000d6f80000,0x00000000d6f80000,0x00000000deb80000)
  from space 5120K, 99% used [0x00000000deb80000,0x00000000df07c030,0x00000000df080000)
  to   space 24064K, 0% used [0x00000000e7f00000,0x00000000e7f00000,0x00000000e9680000)
 ParOldGen       total 84992K, used 33067K [0x0000000084e00000, 0x000000008a100000, 0x00000000d6f80000)
  object space 84992K, 38% used [0x0000000084e00000,0x0000000086e4acd8,0x000000008a100000)
 Metaspace       used 20892K, capacity 21192K, committed 21296K, reserved 1069056K
  class space    used 2604K, capacity 2675K, committed 2688K, reserved 1048576K
}
Event: 2.807 GC heap before
{Heap before GC invocations=6 (full 0):
 PSYoungGen      total 132096K, used 42949K [0x00000000d6f80000, 0x00000000e9680000, 0x0000000100000000)
  eden space 126976K, 29% used [0x00000000d6f80000,0x00000000d9475708,0x00000000deb80000)
  from space 5120K, 99% used [0x00000000deb80000,0x00000000df07c030,0x00000000df080000)
  to   space 24064K, 0% used [0x00000000e7f00000,0x00000000e7f00000,0x00000000e9680000)
 ParOldGen       total 84992K, used 33067K [0x0000000084e00000, 0x000000008a100000, 0x00000000d6f80000)
  object space 84992K, 38% used [0x0000000084e00000,0x0000000086e4acd8,0x000000008a100000)
 Metaspace       used 20903K, capacity 21192K, committed 21296K, reserved 1069056K
  class space    used 2605K, capacity 2675K, committed 2688K, reserved 1048576K
Event: 2.820 GC heap after
Heap after GC invocations=6 (full 0):
 PSYoungGen      total 275968K, used 9109K [0x00000000d6f80000, 0x00000000e9480000, 0x0000000100000000)
  eden space 253952K, 0% used [0x00000000d6f80000,0x00000000d6f80000,0x00000000e6780000)
  from space 22016K, 41% used [0x00000000e7f00000,0x00000000e87e5798,0x00000000e9480000)
  to   space 23040K, 0% used [0x00000000e6780000,0x00000000e6780000,0x00000000e7e00000)
 ParOldGen       total 84992K, used 33075K [0x0000000084e00000, 0x000000008a100000, 0x00000000d6f80000)
  object space 84992K, 38% used [0x0000000084e00000,0x0000000086e4ccd8,0x000000008a100000)
 Metaspace       used 20903K, capacity 21192K, committed 21296K, reserved 1069056K
  class space    used 2605K, capacity 2675K, committed 2688K, reserved 1048576K
}
Event: 2.820 GC heap before
{Heap before GC invocations=7 (full 1):
 PSYoungGen      total 275968K, used 9109K [0x00000000d6f80000, 0x00000000e9480000, 0x0000000100000000)
  eden space 253952K, 0% used [0x00000000d6f80000,0x00000000d6f80000,0x00000000e6780000)
  from space 22016K, 41% used [0x00000000e7f00000,0x00000000e87e5798,0x00000000e9480000)
  to   space 23040K, 0% used [0x00000000e6780000,0x00000000e6780000,0x00000000e7e00000)
 ParOldGen       total 84992K, used 33075K [0x0000000084e00000, 0x000000008a100000, 0x00000000d6f80000)
  object space 84992K, 38% used [0x0000000084e00000,0x0000000086e4ccd8,0x000000008a100000)
 Metaspace       used 20903K, capacity 21192K, committed 21296K, reserved 1069056K
  class space    used 2605K, capacity 2675K, committed 2688K, reserved 1048576K
Event: 2.856 GC heap after
Heap after GC invocations=7 (full 1):
 PSYoungGen      total 275968K, used 0K [0x00000000d6f80000, 0x00000000e9480000, 0x0000000100000000)
  eden space 253952K, 0% used [0x00000000d6f80000,0x00000000d6f80000,0x00000000e6780000)
  from space 22016K, 0% used [0x00000000e7f00000,0x00000000e7f00000,0x00000000e9480000)
  to   space 23040K, 0% used [0x00000000e6780000,0x00000000e6780000,0x00000000e7e00000)
 ParOldGen       total 70144K, used 14101K [0x0000000084e00000, 0x0000000089280000, 0x00000000d6f80000)
  object space 70144K, 20% used [0x0000000084e00000,0x0000000085bc5700,0x0000000089280000)
 Metaspace       used 20903K, capacity 21192K, committed 21296K, reserved 1069056K
  class space    used 2605K, capacity 2675K, committed 2688K, reserved 1048576K
}
Event: 3.939 GC heap before
{Heap before GC invocations=8 (full 1):
 PSYoungGen      total 275968K, used 253952K [0x00000000d6f80000, 0x00000000e9480000, 0x0000000100000000)
  eden space 253952K, 100% used [0x00000000d6f80000,0x00000000e6780000,0x00000000e6780000)
  from space 22016K, 0% used [0x00000000e7f00000,0x00000000e7f00000,0x00000000e9480000)
  to   space 23040K, 0% used [0x00000000e6780000,0x00000000e6780000,0x00000000e7e00000)
 ParOldGen       total 70144K, used 14101K [0x0000000084e00000, 0x0000000089280000, 0x00000000d6f80000)
  object space 70144K, 20% used [0x0000000084e00000,0x0000000085bc5700,0x0000000089280000)
 Metaspace       used 23950K, capacity 24368K, committed 24704K, reserved 1071104K
  class space    used 2996K, capacity 3103K, committed 3200K, reserved 1048576K

Deoptimization events (10 events):
Event: 3.073 Thread 0x00007f027000a800 Uncommon trap: reason=bimorphic action=maybe_recompile pc=0x00007f026135a528 method=java.util.HashMap.putVal(ILjava/lang/Object;Ljava/lang/Object;ZZ)Ljava/lang/Object; @ 203
Event: 3.085 Thread 0x00007f027000a800 Uncommon trap: reason=bimorphic action=maybe_recompile pc=0x00007f026135a528 method=java.util.HashMap.putVal(ILjava/lang/Object;Ljava/lang/Object;ZZ)Ljava/lang/Object; @ 203
Event: 3.220 Thread 0x00007f027000a800 Uncommon trap: reason=bimorphic action=maybe_recompile pc=0x00007f026135a528 method=java.util.HashMap.putVal(ILjava/lang/Object;Ljava/lang/Object;ZZ)Ljava/lang/Object; @ 203
Event: 3.220 Thread 0x00007f027000a800 Uncommon trap: reason=bimorphic action=maybe_recompile pc=0x00007f026135a528 method=java.util.HashMap.putVal(ILjava/lang/Object;Ljava/lang/Object;ZZ)Ljava/lang/Object; @ 203
Event: 3.417 Thread 0x00007f027000a800 Uncommon trap: reason=bimorphic action=maybe_recompile pc=0x00007f02613573e8 method=java.util.HashMap.putVal(ILjava/lang/Object;Ljava/lang/Object;ZZ)Ljava/lang/Object; @ 203
Event: 3.443 Thread 0x00007f027000a800 Uncommon trap: reason=class_check action=maybe_recompile pc=0x00007f0261739308 method=org.springframework.asm.ClassReader.accept(Lorg/springframework/asm/ClassVisitor;[Lorg/springframework/asm/Attribute;I)V @ 666
Event: 3.549 Thread 0x00007f027000a800 Uncommon trap: reason=predicate action=maybe_recompile pc=0x00007f02617d9b20 method=java.util.AbstractCollection.toArray([Ljava/lang/Object;)[Ljava/lang/Object; @ 49
Event: 3.643 Thread 0x00007f027000a800 Uncommon trap: reason=class_check action=maybe_recompile pc=0x00007f0261739308 method=org.springframework.asm.ClassReader.accept(Lorg/springframework/asm/ClassVisitor;[Lorg/springframework/asm/Attribute;I)V @ 666
Event: 3.644 Thread 0x00007f027000a800 Uncommon trap: reason=unstable_if action=reinterpret pc=0x00007f0261812f5c method=org.springframework.util.StringUtils.cleanPath(Ljava/lang/String;)Ljava/lang/String; @ 68
Event: 3.665 Thread 0x00007f027000a800 Uncommon trap: reason=predicate action=maybe_recompile pc=0x00007f0261823c9c method=org.springframework.util.AntPathMatcher.skipSegment([CILjava/lang/String;)I @ 24

Classes redefined (0 events):
No events

Internal exceptions (10 events):
Event: 1.631 Thread 0x00007f0270944800 Implicit null exception at 0x00007f02613e6a8f to 0x00007f02613e6b59
Event: 1.776 Thread 0x00007f027000a800 Exception <a 'java/lang/ClassNotFoundException': java/lang/ObjectCustomizer> (0x00000000d92dec10) thrown at [/HUDSON/workspace/8-2-build-linux-amd64/jdk8u231/13620/hotspot/src/share/vm/classfile/systemDictionary.cpp, line 210]
Event: 1.777 Thread 0x00007f027000a800 Exception <a 'java/lang/ClassNotFoundException': org/springframework/context/annotation/ConfigurationClassPostProcessorCustomizer> (0x00000000d92fe8f0) thrown at [/HUDSON/workspace/8-2-build-linux-amd64/jdk8u231/13620/hotspot/src/share/vm/classfile/system
Event: 1.778 Thread 0x00007f027000a800 Exception <a 'java/lang/ClassNotFoundException': org/springframework/beans/factory/support/BeanDefinitionRegistryPostProcessorCustomizer> (0x00000000d932ec28) thrown at [/HUDSON/workspace/8-2-build-linux-amd64/jdk8u231/13620/hotspot/src/share/vm/classfile
Event: 1.779 Thread 0x00007f027000a800 Exception <a 'java/lang/ClassNotFoundException': org/springframework/core/PriorityOrderedCustomizer> (0x00000000d9344288) thrown at [/HUDSON/workspace/8-2-build-linux-amd64/jdk8u231/13620/hotspot/src/share/vm/classfile/systemDictionary.cpp, line 210]
Event: 1.779 Thread 0x00007f027000a800 Exception <a 'java/lang/ClassNotFoundException': org/springframework/context/ResourceLoaderAwareCustomizer> (0x00000000d935a770) thrown at [/HUDSON/workspace/8-2-build-linux-amd64/jdk8u231/13620/hotspot/src/share/vm/classfile/systemDictionary.cpp, line 21
Event: 1.780 Thread 0x00007f027000a800 Exception <a 'java/lang/ClassNotFoundException': org/springframework/beans/factory/BeanClassLoaderAwareCustomizer> (0x00000000d9412980) thrown at [/HUDSON/workspace/8-2-build-linux-amd64/jdk8u231/13620/hotspot/src/share/vm/classfile/systemDictionary.cpp, 
Event: 1.780 Thread 0x00007f027000a800 Exception <a 'java/lang/ClassNotFoundException': org/springframework/context/EnvironmentAwareCustomizer> (0x00000000d9429590) thrown at [/HUDSON/workspace/8-2-build-linux-amd64/jdk8u231/13620/hotspot/src/share/vm/classfile/systemDictionary.cpp, line 210]
Event: 2.466 Thread 0x00007f0270944800 Exception <a 'java/lang/NoSuchFieldError': method resolution failed> (0x00000000dabd0ad0) thrown at [/HUDSON/workspace/8-2-build-linux-amd64/jdk8u231/13620/hotspot/src/share/vm/prims/methodHandles.cpp, line 1167]
Event: 2.467 Thread 0x00007f0270944800 Exception <a 'java/lang/NoSuchFieldError': method resolution failed> (0x00000000dabde190) thrown at [/HUDSON/workspace/8-2-build-linux-amd64/jdk8u231/13620/hotspot/src/share/vm/prims/methodHandles.cpp, line 1167]

Events (10 events):
Event: 3.870 loading class java/nio/channels/AsynchronousChannel done
Event: 3.870 loading class java/nio/channels/AsynchronousByteChannel done
Event: 3.870 loading class java/nio/channels/NetworkChannel
Event: 3.871 loading class java/nio/channels/NetworkChannel done
Event: 3.871 loading class java/nio/channels/AsynchronousSocketChannel done
Event: 3.872 loading class java/io/CharArrayWriter
Event: 3.872 loading class java/io/CharArrayWriter done
Event: 3.902 loading class javax/security/auth/callback/CallbackHandler
Event: 3.908 loading class javax/security/auth/callback/CallbackHandler done
Event: 3.938 Executing VM operation: ParallelGCFailedAllocation


Dynamic libraries:
00400000-00401000 r-xp 00000000 08:07 1328416                            /opt/jdk1.8.0_231/jre/bin/java
00600000-00601000 r--p 00000000 08:07 1328416                            /opt/jdk1.8.0_231/jre/bin/java
00601000-00602000 rw-p 00001000 08:07 1328416                            /opt/jdk1.8.0_231/jre/bin/java
008f9000-0091a000 rw-p 00000000 00:00 0                                  [heap]
84e00000-89280000 rw-p 00000000 00:00 0 
89280000-d6f80000 ---p 00000000 00:00 0 
d6f80000-e9480000 rw-p 00000000 00:00 0 
f5e00000-100000000 ---p 00000000 00:00 0 
100000000-100320000 rw-p 00000000 00:00 0 
100320000-140000000 ---p 00000000 00:00 0 
7f021c000000-7f021c021000 rw-p 00000000 00:00 0 
7f021c021000-7f0220000000 ---p 00000000 00:00 0 
7f0220000000-7f022022f000 rw-p 00000000 00:00 0 
7f022022f000-7f0224000000 ---p 00000000 00:00 0 
7f0224000000-7f0224021000 rw-p 00000000 00:00 0 
7f0224021000-7f0228000000 ---p 00000000 00:00 0 
7f0228000000-7f0228c27000 rw-p 00000000 00:00 0 
7f0228c27000-7f022c000000 ---p 00000000 00:00 0 
7f022c000000-7f022cfff000 rw-p 00000000 00:00 0 
7f022cfff000-7f0230000000 ---p 00000000 00:00 0 
7f0230000000-7f0230e24000 rw-p 00000000 00:00 0 
7f0230e24000-7f0234000000 ---p 00000000 00:00 0 
7f0234000000-7f0234021000 rw-p 00000000 00:00 0 
7f0234021000-7f0238000000 ---p 00000000 00:00 0 
7f0238fff000-7f023c000000 rw-p 00000000 00:00 0 
7f023c000000-7f023c021000 rw-p 00000000 00:00 0 
7f023c021000-7f0240000000 ---p 00000000 00:00 0 
7f0240000000-7f0240021000 rw-p 00000000 00:00 0 
7f0240021000-7f0244000000 ---p 00000000 00:00 0 
7f0244000000-7f0244021000 rw-p 00000000 00:00 0 
7f0244021000-7f0248000000 ---p 00000000 00:00 0 
7f0248000000-7f024829c000 rw-p 00000000 00:00 0 
7f024829c000-7f024c000000 ---p 00000000 00:00 0 
7f024c000000-7f024c021000 rw-p 00000000 00:00 0 
7f024c021000-7f0250000000 ---p 00000000 00:00 0 
7f0250000000-7f0250021000 rw-p 00000000 00:00 0 
7f0250021000-7f0254000000 ---p 00000000 00:00 0 
7f0254000000-7f0254021000 rw-p 00000000 00:00 0 
7f0254021000-7f0258000000 ---p 00000000 00:00 0 
7f0258724000-7f0258824000 rw-p 00000000 00:00 0 
7f0258824000-7f0258924000 ---p 00000000 00:00 0 
7f0258924000-7f0258b24000 rw-p 00000000 00:00 0 
7f0258b24000-7f0258bba000 r--s 0110d000 08:07 1071071                    /opt/jdk1.8.0_231/jre/lib/ext/jfxrt.jar
7f0258bba000-7f0258bcb000 r-xp 00000000 08:07 1071155                    /opt/jdk1.8.0_231/jre/lib/amd64/libnio.so
7f0258bcb000-7f0258dca000 ---p 00011000 08:07 1071155                    /opt/jdk1.8.0_231/jre/lib/amd64/libnio.so
7f0258dca000-7f0258dcb000 r--p 00010000 08:07 1071155                    /opt/jdk1.8.0_231/jre/lib/amd64/libnio.so
7f0258dcb000-7f0258dcc000 rw-p 00011000 08:07 1071155                    /opt/jdk1.8.0_231/jre/lib/amd64/libnio.so
7f0258dcc000-7f0258fcc000 rw-p 00000000 00:00 0 
7f0258fcc000-7f02591cc000 rw-p 00000000 00:00 0 
7f02591cc000-7f02591d1000 r--s 002f9000 08:07 945936                     /opt/jdk1.8.0_231/jre/lib/charsets.jar
7f02591d1000-7f02593d1000 rw-p 00000000 00:00 0 
7f02593d1000-7f02593d4000 ---p 00000000 00:00 0 
7f02593d4000-7f02594d2000 rw-p 00000000 00:00 0 
7f02594d2000-7f02594e8000 r-xp 00000000 08:07 1071096                    /opt/jdk1.8.0_231/jre/lib/amd64/libnet.so
7f02594e8000-7f02596e7000 ---p 00016000 08:07 1071096                    /opt/jdk1.8.0_231/jre/lib/amd64/libnet.so
7f02596e7000-7f02596e8000 r--p 00015000 08:07 1071096                    /opt/jdk1.8.0_231/jre/lib/amd64/libnet.so
7f02596e8000-7f02596e9000 rw-p 00016000 08:07 1071096                    /opt/jdk1.8.0_231/jre/lib/amd64/libnet.so
7f02596e9000-7f02596f2000 r-xp 00000000 08:07 1071097                    /opt/jdk1.8.0_231/jre/lib/amd64/libmanagement.so
7f02596f2000-7f02598f1000 ---p 00009000 08:07 1071097                    /opt/jdk1.8.0_231/jre/lib/amd64/libmanagement.so
7f02598f1000-7f02598f2000 r--p 00008000 08:07 1071097                    /opt/jdk1.8.0_231/jre/lib/amd64/libmanagement.so
7f02598f2000-7f02598f3000 rw-p 00009000 08:07 1071097                    /opt/jdk1.8.0_231/jre/lib/amd64/libmanagement.so
7f02598f3000-7f0259af3000 rw-p 00000000 00:00 0 
7f0259af3000-7f0259cf3000 rw-p 00000000 00:00 0 
7f0259cf3000-7f0259cfd000 r--s 00116000 08:07 1071064                    /opt/jdk1.8.0_231/jre/lib/ext/localedata.jar
7f0259cfd000-7f0259d1d000 r--p 00000000 08:07 1182638                    /usr/share/locale/zh_CN/LC_MESSAGES/libc.mo
7f0259d1d000-7f0259d1f000 r--s 0000f000 08:07 3416646                    /home/lala/.m2/repository/org/apache/maven/surefire/surefire-junit4/2.18.1/surefire-junit4-2.18.1.jar
7f0259d1f000-7f0259d22000 r--s 00019000 08:07 3940133                    /home/lala/.m2/repository/org/apache/commons/commons-pool2/2.4.2/commons-pool2-2.4.2.jar
7f0259d22000-7f0259d2d000 r--s 00079000 08:07 1746454                    /home/lala/.m2/repository/redis/clients/jedis/2.8.2/jedis-2.8.2.jar
7f0259d2d000-7f0259d42000 r--s 00141000 08:07 3679771                    /home/lala/.m2/repository/org/projectlombok/lombok/1.16.10/lombok-1.16.10.jar
7f0259d42000-7f0259d47000 r--s 00029000 08:07 3807062                    /home/lala/.m2/repository/org/springframework/spring-context-support/4.3.4.RELEASE/spring-context-support-4.3.4.RELEASE.jar
7f0259d47000-7f0259d49000 r--s 00013000 08:07 3679759                    /home/lala/.m2/repository/org/springframework/spring-oxm/4.3.4.RELEASE/spring-oxm-4.3.4.RELEASE.jar
7f0259d49000-7f0259d5a000 r--s 00099000 08:07 2633588                    /home/lala/.m2/repository/org/springframework/data/spring-data-commons/1.12.5.RELEASE/spring-data-commons-1.12.5.RELEASE.jar
7f0259d5a000-7f0259d5e000 r--s 00016000 08:07 3297295                    /home/lala/.m2/repository/org/springframework/data/spring-data-keyvalue/1.1.5.RELEASE/spring-data-keyvalue-1.1.5.RELEASE.jar
7f0259d5e000-7f0259d77000 r--s 000f9000 08:07 3297291                    /home/lala/.m2/repository/org/springframework/data/spring-data-redis/1.7.5.RELEASE/spring-data-redis-1.7.5.RELEASE.jar
7f0259d77000-7f0259d78000 r--s 00000000 08:07 3297293                    /home/lala/.m2/repository/org/springframework/boot/spring-boot-starter-data-redis/1.4.2.RELEASE/spring-boot-starter-data-redis-1.4.2.RELEASE.jar
7f0259d78000-7f0259d7f000 r--s 00060000 08:07 4719307                    /home/lala/.m2/repository/com/alibaba/fastjson/1.2.6/fastjson-1.2.6.jar
7f0259d7f000-7f0259d81000 r--s 00002000 08:07 1746159                    /home/lala/IdeaProjects/wifi_sign/lib/lippi-oapi-encrpt.jar
7f0259d81000-7f0259daf000 r--s 0017c000 08:07 1746161                    /home/lala/IdeaProjects/wifi_sign/lib/top-api-sdk-dev-ding-open-mc-20180719.091043-1.jar
7f0259daf000-7f0259db3000 r--s 0002a000 08:07 3022523                    /home/lala/.m2/repository/commons-io/commons-io/2.4/commons-io-2.4.jar
7f0259db3000-7f0259db5000 r--s 00008000 08:07 3679729                    /home/lala/.m2/repository/org/apache/httpcomponents/httpmime/4.3.5/httpmime-4.3.5.jar
7f0259db5000-7f0259dbc000 r--s 00049000 08:07 4464118                    /home/lala/.m2/repository/org/apache/httpcomponents/httpcore/4.4.4/httpcore-4.4.4.jar
7f0259dbc000-7f0259dc3000 r--s 0003f000 08:07 3414948                    /home/lala/.m2/repository/commons-codec/commons-codec/1.10/commons-codec-1.10.jar
7f0259dc3000-7f0259dd0000 r--s 000a6000 08:07 4464114                    /home/lala/.m2/repository/org/apache/httpcomponents/httpclient/4.5.1/httpclient-4.5.1.jar
7f0259dd0000-7f0259dd6000 r--s 0002c000 08:07 4464112                    /home/lala/.m2/repository/org/springframework/boot/spring-boot-devtools/1.4.2.RELEASE/spring-boot-devtools-1.4.2.RELEASE.jar
7f0259dd6000-7f0259ddb000 r--s 0003c000 08:07 3416581                    /home/lala/.m2/repository/org/springframework/spring-expression/4.3.4.RELEASE/spring-expression-4.3.4.RELEASE.jar
7f0259ddb000-7f0259ded000 r--s 000ce000 08:07 4464108                    /home/lala/.m2/repository/org/springframework/spring-webmvc/4.3.4.RELEASE/spring-webmvc-4.3.4.RELEASE.jar
7f0259ded000-7f0259df6000 r--s 00054000 08:07 3416595                    /home/lala/.m2/repository/org/springframework/spring-aop/4.3.4.RELEASE/spring-aop-4.3.4.RELEASE.jar
7f0259df6000-7f0259e07000 r--s 000b6000 08:07 4464110                    /home/lala/.m2/repository/org/springframework/spring-web/4.3.4.RELEASE/spring-web-4.3.4.RELEASE.jar
7f0259e07000-7f0259e0b000 r--s 00041000 08:07 4464104                    /home/lala/.m2/repository/com/fasterxml/jackson/core/jackson-core/2.8.4/jackson-core-2.8.4.jar
7f0259e0b000-7f0259e0e000 r--s 0000b000 08:07 4464102                    /home/lala/.m2/repository/com/fasterxml/jackson/core/jackson-annotations/2.8.4/jackson-annotations-2.8.4.jar
7f0259e0e000-7f0259e20000 r--s 0011c000 08:07 4464100                    /home/lala/.m2/repository/com/fasterxml/jackson/core/jackson-databind/2.8.4/jackson-databind-2.8.4.jar
7f0259e20000-7f0259e22000 r--s 0000e000 08:07 4464098                    /home/lala/.m2/repository/com/fasterxml/classmate/1.3.3/classmate-1.3.3.jar
7f0259e22000-7f0259e24000 r--s 0000f000 08:07 4464096                    /home/lala/.m2/repository/org/jboss/logging/jboss-logging/3.3.0.Final/jboss-logging-3.3.0.Final.jar
7f0259e24000-7f0259e28000 r--s 0000c000 08:07 4464094                    /home/lala/.m2/repository/javax/validation/validation-api/1.1.0.Final/validation-api-1.1.0.Final.jar
7f0259e28000-7f0259e38000 r--s 0009c000 08:07 4464092                    /home/lala/.m2/repository/org/hibernate/hibernate-validator/5.2.4.Final/hibernate-validator-5.2.4.Final.jar
7f0259e38000-7f0259e3d000 r--s 00036000 08:07 4464090                    /home/lala/.m2/repository/org/apache/tomcat/embed/tomcat-embed-websocket/8.5.6/tomcat-embed-websocket-8.5.6.jar
7f0259e3d000-7f0259e42000 r--s 00036000 08:07 4464088                    /home/lala/.m2/repository/org/apache/tomcat/embed/tomcat-embed-el/8.5.6/tomcat-embed-el-8.5.6.jar
7f0259e42000-7f0259e6b000 r--s 002b2000 08:07 4464086                    /home/lala/.m2/repository/org/apache/tomcat/embed/tomcat-embed-core/8.5.6/tomcat-embed-core-8.5.6.jar
7f0259e6b000-7f0259e6c000 r--s 00000000 08:07 4464084                    /home/lala/.m2/repository/org/springframework/boot/spring-boot-starter-tomcat/1.4.2.RELEASE/spring-boot-starter-tomcat-1.4.2.RELEASE.jar
7f0259e6c000-7f0259e6d000 r--s 00000000 08:07 4464082                    /home/lala/.m2/repository/org/springframework/boot/spring-boot-starter-web/1.4.2.RELEASE/spring-boot-starter-web-1.4.2.RELEASE.jar
7f0259e6d000-7f0259e7b000 r--s 00084000 08:07 4464080                    /home/lala/.m2/repository/org/springframework/spring-test/4.3.4.RELEASE/spring-test-4.3.4.RELEASE.jar
7f0259e7b000-7f0259e7c000 r--s 0000f000 08:07 1746335                    /home/lala/.m2/repository/org/json/json/20140107/json-20140107.jar
7f0259e7c000-7f0259e7d000 r--s 00006000 08:07 3416615                    /home/lala/.m2/repository/org/skyscreamer/jsonassert/1.3.0/jsonassert-1.3.0.jar
7f0259e7d000-7f0259e7e000 r--s 0000c000 08:07 2628406                    /home/lala/.m2/repository/org/hamcrest/hamcrest-library/1.3/hamcrest-library-1.3.jar
7f0259e7e000-7f0259e80000 r--s 00009000 08:07 2628359                    /home/lala/.m2/repository/org/hamcrest/hamcrest-core/1.3/hamcrest-core-1.3.jar
7f0259e80000-7f0259e82000 r--s 00009000 08:07 3416591                    /home/lala/.m2/repository/org/objenesis/objenesis/2.1/objenesis-2.1.jar
7f0259e82000-7f0259e9e000 r--s 00103000 08:07 3416583                    /home/lala/.m2/repository/org/mockito/mockito-core/1.10.19/mockito-core-1.10.19.jar
7f0259e9e000-7f0259eb1000 r--s 000d2000 08:07 3416613                    /home/lala/.m2/repository/org/assertj/assertj-core/2.5.0/assertj-core-2.5.0.jar
7f0259eb1000-7f0259eb9000 r--s 00045000 08:07 2628402                    /home/lala/.m2/repository/junit/junit/4.12/junit-4.12.jar
7f0259eb9000-7f0259ebb000 r--s 00009000 08:07 3416611                    /home/lala/.m2/repository/org/slf4j/slf4j-api/1.7.21/slf4j-api-1.7.21.jar
7f0259ebb000-7f0259ebc000 r--s 0000c000 08:07 2763863                    /home/lala/.m2/repository/org/ow2/asm/asm/5.0.3/asm-5.0.3.jar
7f0259ebc000-7f0259ebe000 r--s 00012000 08:07 2633390                    /home/lala/.m2/repository/net/minidev/accessors-smart/1.1/accessors-smart-1.1.jar
7f0259ebe000-7f0259ec1000 r--s 0001b000 08:07 4720032                    /home/lala/.m2/repository/net/minidev/json-smart/2.2.1/json-smart-2.2.1.jar
7f0259ec1000-7f0259ec6000 r--s 0002e000 08:07 3416566                    /home/lala/.m2/repository/com/jayway/jsonpath/json-path/2.2.0/json-path-2.2.0.jar
7f0259ec6000-7f0259ecb000 r--s 00017000 08:07 3416607                    /home/lala/.m2/repository/org/springframework/boot/spring-boot-test-autoconfigure/1.4.2.RELEASE/spring-boot-test-autoconfigure-1.4.2.RELEASE.jar
7f0259ecb000-7f0259ed0000 r--s 00020000 08:07 3416609                    /home/lala/.m2/repository/org/springframework/boot/spring-boot-test/1.4.2.RELEASE/spring-boot-test-1.4.2.RELEASE.jar
7f0259ed0000-7f0259ee0000 r--s 0014c000 08:07 3416600                    /home/lala/.m2/repository/com/google/protobuf/protobuf-java/3.6.1/protobuf-java-3.6.1.jar
7f0259ee0000-7f0259ef9000 r--s 00220000 08:07 1842420                    /home/lala/.m2/repository/mysql/mysql-connector-java/8.0.18/mysql-connector-java-8.0.18.jar
7f0259ef9000-7f0259f01000 r--s 0003a000 08:07 3416597                    /home/lala/.m2/repository/org/springframework/spring-tx/4.3.4.RELEASE/spring-tx-4.3.4.RELEASE.jar
7f0259f01000-7f0259f0f000 r--s 000ac000 08:07 3416569                    /home/lala/.m2/repository/org/springframework/spring-beans/4.3.4.RELEASE/spring-beans-4.3.4.RELEASE.jar
7f0259f0f000-7f0259f19000 r--s 0005f000 08:07 3416556                    /home/lala/.m2/repository/org/springframework/spring-jdbc/4.3.4.RELEASE/spring-jdbc-4.3.4.RELEASE.jar
7f0259f19000-7f0259f2f000 r--s 000fa000 08:07 3416560                    /home/lala/.m2/repository/org/springframework/spring-core/4.3.4.RELEASE/spring-core-4.3.4.RELEASE.jar
7f0259f2f000-7f0259f4c000 r--s 000d0000 08:07 3416621                    /home/lala/.m2/repository/org/springframework/boot/spring-boot-autoconfigure/1.4.2.RELEASE/spring-boot-autoconfigure-1.4.2.RELEASE.jar
7f0259f4c000-7f0259f66000 r--s 000fc000 08:07 3416620                    /home/lala/.m2/repository/org/springframework/spring-context/4.3.4.RELEASE/spring-context-4.3.4.RELEASE.jar
7f0259f66000-7f0259f67000 ---p 00000000 00:00 0 
7f0259f67000-7f025a067000 rw-p 00000000 00:00 0 
7f025a067000-7f025a06a000 ---p 00000000 00:00 0 
7f025a06a000-7f025a168000 rw-p 00000000 00:00 0 
7f025a168000-7f025a169000 ---p 00000000 00:00 0 
7f025a169000-7f025a16c000 ---p 00000000 00:00 0 
7f025a16c000-7f025a269000 rw-p 00000000 00:00 0 
7f025a269000-7f025a26a000 ---p 00000000 00:00 0 
7f025a26a000-7f025a26d000 ---p 00000000 00:00 0 
7f025a26d000-7f025a36a000 rw-p 00000000 00:00 0 
7f025a36a000-7f025a36b000 ---p 00000000 00:00 0 
7f025a36b000-7f025a36e000 ---p 00000000 00:00 0 
7f025a36e000-7f025a46b000 rw-p 00000000 00:00 0 
7f025a46b000-7f025a46e000 ---p 00000000 00:00 0 
7f025a46e000-7f025a56c000 rw-p 00000000 00:00 0 
7f025a56c000-7f025ab50000 r--p 00000000 08:07 672467                     /usr/lib/locale/locale-archive
7f025ab50000-7f025ab53000 ---p 00000000 00:00 0 
7f025ab53000-7f025ac51000 rw-p 00000000 00:00 0 
7f025ac51000-7f025ac54000 ---p 00000000 00:00 0 
7f025ac54000-7f025ad52000 rw-p 00000000 00:00 0 
7f025ad52000-7f025ad53000 ---p 00000000 00:00 0 
7f025ad53000-7f025bdb2000 rw-p 00000000 00:00 0 
7f025bdb2000-7f025bf8c000 r--s 03d89000 08:07 945937                     /opt/jdk1.8.0_231/jre/lib/rt.jar
7f025bf8c000-7f026096b000 rw-p 00000000 00:00 0 
7f026096b000-7f026096c000 ---p 00000000 00:00 0 
7f026096c000-7f0260a6c000 rw-p 00000000 00:00 0 
7f0260a6c000-7f0260a6d000 ---p 00000000 00:00 0 
7f0260a6d000-7f0260b6d000 rw-p 00000000 00:00 0 
7f0260b6d000-7f0260b6e000 ---p 00000000 00:00 0 
7f0260b6e000-7f0260c6e000 rw-p 00000000 00:00 0 
7f0260c6e000-7f0260c6f000 ---p 00000000 00:00 0 
7f0260c6f000-7f0260d92000 rw-p 00000000 00:00 0 
7f0260d92000-7f0261000000 ---p 00000000 00:00 0 
7f0261000000-7f0261880000 rwxp 00000000 00:00 0 
7f0261880000-7f0270000000 ---p 00000000 00:00 0 
7f0270000000-7f0270d18000 rw-p 00000000 00:00 0 
7f0270d18000-7f0274000000 ---p 00000000 00:00 0 
7f0274000000-7f0274001000 r--s 00000000 08:07 3416564                    /home/lala/.m2/repository/org/springframework/boot/spring-boot-starter-test/1.4.2.RELEASE/spring-boot-starter-test-1.4.2.RELEASE.jar
7f0274001000-7f0274003000 r--s 00009000 08:07 3416592                    /home/lala/.m2/repository/org/apache/tomcat/tomcat-juli/8.5.6/tomcat-juli-8.5.6.jar
7f0274003000-7f0274006000 r--s 00020000 08:07 3416558                    /home/lala/.m2/repository/org/apache/tomcat/tomcat-jdbc/8.5.6/tomcat-jdbc-8.5.6.jar
7f0274006000-7f0274007000 r--s 00000000 08:07 3416587                    /home/lala/.m2/repository/org/springframework/boot/spring-boot-starter-jdbc/1.4.2.RELEASE/spring-boot-starter-jdbc-1.4.2.RELEASE.jar
7f0274007000-7f027400d000 r--s 0003d000 08:07 3416580                    /home/lala/.m2/repository/org/yaml/snakeyaml/1.17/snakeyaml-1.17.jar
7f027400d000-7f0274017000 r--s 00069000 08:07 3416572                    /home/lala/.m2/repository/ch/qos/logback/logback-core/1.1.7/logback-core-1.1.7.jar
7f0274017000-7f0274027000 r--s 00091000 08:07 3416553                    /home/lala/.m2/repository/org/springframework/boot/spring-boot/1.4.2.RELEASE/spring-boot-1.4.2.RELEASE.jar
7f0274027000-7f02740cc000 rw-p 00000000 00:00 0 
7f02740cc000-7f0274339000 ---p 00000000 00:00 0 
7f0274339000-7f02743cd000 rw-p 00000000 00:00 0 
7f02743cd000-7f0274482000 ---p 00000000 00:00 0 
7f0274482000-7f02744a5000 rw-p 00000000 00:00 0 
7f02744a5000-7f0274843000 ---p 00000000 00:00 0 
7f0274843000-7f027485e000 r-xp 00000000 08:07 1071119                    /opt/jdk1.8.0_231/jre/lib/amd64/libzip.so
7f027485e000-7f0274a5d000 ---p 0001b000 08:07 1071119                    /opt/jdk1.8.0_231/jre/lib/amd64/libzip.so
7f0274a5d000-7f0274a5e000 r--p 0001a000 08:07 1071119                    /opt/jdk1.8.0_231/jre/lib/amd64/libzip.so
7f0274a5e000-7f0274a5f000 rw-p 0001b000 08:07 1071119                    /opt/jdk1.8.0_231/jre/lib/amd64/libzip.so
7f0274a5f000-7f0274a8b000 r-xp 00000000 08:07 1071110                    /opt/jdk1.8.0_231/jre/lib/amd64/libjava.so
7f0274a8b000-7f0274c8b000 ---p 0002c000 08:07 1071110                    /opt/jdk1.8.0_231/jre/lib/amd64/libjava.so
7f0274c8b000-7f0274c8c000 r--p 0002c000 08:07 1071110                    /opt/jdk1.8.0_231/jre/lib/amd64/libjava.so
7f0274c8c000-7f0274c8e000 rw-p 0002d000 08:07 1071110                    /opt/jdk1.8.0_231/jre/lib/amd64/libjava.so
7f0274c8e000-7f0274c9b000 r-xp 00000000 08:07 1071101                    /opt/jdk1.8.0_231/jre/lib/amd64/libverify.so
7f0274c9b000-7f0274e9a000 ---p 0000d000 08:07 1071101                    /opt/jdk1.8.0_231/jre/lib/amd64/libverify.so
7f0274e9a000-7f0274e9c000 r--p 0000c000 08:07 1071101                    /opt/jdk1.8.0_231/jre/lib/amd64/libverify.so
7f0274e9c000-7f0274e9d000 rw-p 0000e000 08:07 1071101                    /opt/jdk1.8.0_231/jre/lib/amd64/libverify.so
7f0274e9d000-7f0274ea0000 r--p 00000000 08:07 672454                     /usr/lib/librt-2.29.so
7f0274ea0000-7f0274ea4000 r-xp 00003000 08:07 672454                     /usr/lib/librt-2.29.so
7f0274ea4000-7f0274ea6000 r--p 00007000 08:07 672454                     /usr/lib/librt-2.29.so
7f0274ea6000-7f0274ea7000 r--p 00008000 08:07 672454                     /usr/lib/librt-2.29.so
7f0274ea7000-7f0274ea8000 rw-p 00009000 08:07 672454                     /usr/lib/librt-2.29.so
7f0274ea8000-7f0274ea9000 ---p 00000000 00:00 0 
7f0274ea9000-7f0274eac000 ---p 00000000 00:00 0 
7f0274eac000-7f0274fa9000 rw-p 00000000 00:00 0 
7f0274fa9000-7f0274fb8000 r--p 00000000 08:07 664277                     /usr/lib/libm-2.29.so
7f0274fb8000-7f0275054000 r-xp 0000f000 08:07 664277                     /usr/lib/libm-2.29.so
7f0275054000-7f02750ed000 r--p 000ab000 08:07 664277                     /usr/lib/libm-2.29.so
7f02750ed000-7f02750ee000 r--p 00143000 08:07 664277                     /usr/lib/libm-2.29.so
7f02750ee000-7f02750ef000 rw-p 00144000 08:07 664277                     /usr/lib/libm-2.29.so
7f02750ef000-7f0275dd8000 r-xp 00000000 08:07 1071117                    /opt/jdk1.8.0_231/jre/lib/amd64/server/libjvm.so
7f0275dd8000-7f0275fd7000 ---p 00ce9000 08:07 1071117                    /opt/jdk1.8.0_231/jre/lib/amd64/server/libjvm.so
7f0275fd7000-7f027606d000 r--p 00ce8000 08:07 1071117                    /opt/jdk1.8.0_231/jre/lib/amd64/server/libjvm.so
7f027606d000-7f027609e000 rw-p 00d7e000 08:07 1071117                    /opt/jdk1.8.0_231/jre/lib/amd64/server/libjvm.so
7f027609e000-7f02760db000 rw-p 00000000 00:00 0 
7f02760db000-7f0276100000 r--p 00000000 08:07 664262                     /usr/lib/libc-2.29.so
7f0276100000-7f027624a000 r-xp 00025000 08:07 664262                     /usr/lib/libc-2.29.so
7f027624a000-7f0276293000 r--p 0016f000 08:07 664262                     /usr/lib/libc-2.29.so
7f0276293000-7f0276294000 ---p 001b8000 08:07 664262                     /usr/lib/libc-2.29.so
7f0276294000-7f0276297000 r--p 001b8000 08:07 664262                     /usr/lib/libc-2.29.so
7f0276297000-7f027629a000 rw-p 001bb000 08:07 664262                     /usr/lib/libc-2.29.so
7f027629a000-7f027629e000 rw-p 00000000 00:00 0 
7f027629e000-7f027629f000 r--p 00000000 08:07 664271                     /usr/lib/libdl-2.29.so
7f027629f000-7f02762a0000 r-xp 00001000 08:07 664271                     /usr/lib/libdl-2.29.so
7f02762a0000-7f02762a1000 r--p 00002000 08:07 664271                     /usr/lib/libdl-2.29.so
7f02762a1000-7f02762a2000 r--p 00002000 08:07 664271                     /usr/lib/libdl-2.29.so
7f02762a2000-7f02762a3000 rw-p 00003000 08:07 664271                     /usr/lib/libdl-2.29.so
7f02762a3000-7f02762ba000 r-xp 00000000 08:07 1328408                    /opt/jdk1.8.0_231/jre/lib/amd64/jli/libjli.so
7f02762ba000-7f02764b9000 ---p 00017000 08:07 1328408                    /opt/jdk1.8.0_231/jre/lib/amd64/jli/libjli.so
7f02764b9000-7f02764ba000 r--p 00016000 08:07 1328408                    /opt/jdk1.8.0_231/jre/lib/amd64/jli/libjli.so
7f02764ba000-7f02764bb000 rw-p 00017000 08:07 1328408                    /opt/jdk1.8.0_231/jre/lib/amd64/jli/libjli.so
7f02764bb000-7f02764c2000 r--p 00000000 08:07 672446                     /usr/lib/libpthread-2.29.so
7f02764c2000-7f02764d1000 r-xp 00007000 08:07 672446                     /usr/lib/libpthread-2.29.so
7f02764d1000-7f02764d6000 r--p 00016000 08:07 672446                     /usr/lib/libpthread-2.29.so
7f02764d6000-7f02764d7000 r--p 0001a000 08:07 672446                     /usr/lib/libpthread-2.29.so
7f02764d7000-7f02764d8000 rw-p 0001b000 08:07 672446                     /usr/lib/libpthread-2.29.so
7f02764d8000-7f02764de000 rw-p 00000000 00:00 0 
7f02764de000-7f02764e0000 r--s 00004000 08:07 3416579                    /home/lala/.m2/repository/org/slf4j/log4j-over-slf4j/1.7.21/log4j-over-slf4j-1.7.21.jar
7f02764e0000-7f02764e2000 r--s 00000000 08:07 3416574                    /home/lala/.m2/repository/org/slf4j/jul-to-slf4j/1.7.21/jul-to-slf4j-1.7.21.jar
7f02764e2000-7f02764e4000 r--s 00003000 08:07 3416576                    /home/lala/.m2/repository/org/slf4j/jcl-over-slf4j/1.7.21/jcl-over-slf4j-1.7.21.jar
7f02764e4000-7f02764eb000 r--s 00044000 08:07 3416570                    /home/lala/.m2/repository/ch/qos/logback/logback-classic/1.1.7/logback-classic-1.1.7.jar
7f02764eb000-7f02764ec000 r--s 00000000 08:07 3416568                    /home/lala/.m2/repository/org/springframework/boot/spring-boot-starter-logging/1.4.2.RELEASE/spring-boot-starter-logging-1.4.2.RELEASE.jar
7f02764ec000-7f02764ed000 r--s 00000000 08:07 3416617                    /home/lala/.m2/repository/org/springframework/boot/spring-boot-starter/1.4.2.RELEASE/spring-boot-starter-1.4.2.RELEASE.jar
7f02764ed000-7f02764f2000 r--s 00020000 08:07 3416636                    /home/lala/.m2/repository/org/apache/maven/surefire/surefire-api/2.18.1/surefire-api-2.18.1.jar
7f02764f2000-7f02764f4000 r--s 00008000 08:07 3416634                    /home/lala/.m2/repository/org/apache/maven/surefire/surefire-booter/2.18.1/surefire-booter-2.18.1.jar
7f02764f4000-7f02764f6000 r--s 00001000 08:07 1748255                    /home/lala/IdeaProjects/wifi_sign/target/surefire/surefirebooter3709323471500585958.jar
7f02764f6000-7f02764fe000 rw-s 00000000 00:2c 317                        /tmp/hsperfdata_lala/2278
7f02764fe000-7f0276501000 r--p 00000000 08:07 671190                     /usr/lib/libnss_files-2.29.so
7f0276501000-7f0276508000 r-xp 00003000 08:07 671190                     /usr/lib/libnss_files-2.29.so
7f0276508000-7f027650a000 r--p 0000a000 08:07 671190                     /usr/lib/libnss_files-2.29.so
7f027650a000-7f027650b000 r--p 0000b000 08:07 671190                     /usr/lib/libnss_files-2.29.so
7f027650b000-7f027650c000 rw-p 0000c000 08:07 671190                     /usr/lib/libnss_files-2.29.so
7f027650c000-7f0276513000 rw-p 00000000 00:00 0 
7f0276513000-7f0276515000 r--p 00000000 08:07 664251                     /usr/lib/ld-2.29.so
7f0276515000-7f0276534000 r-xp 00002000 08:07 664251                     /usr/lib/ld-2.29.so
7f0276534000-7f027653c000 r--p 00021000 08:07 664251                     /usr/lib/ld-2.29.so
7f027653c000-7f027653d000 ---p 00000000 00:00 0 
7f027653d000-7f027653e000 r--p 00029000 08:07 664251                     /usr/lib/ld-2.29.so
7f027653e000-7f027653f000 rw-p 0002a000 08:07 664251                     /usr/lib/ld-2.29.so
7f027653f000-7f0276540000 rw-p 00000000 00:00 0 
7ffdf37b9000-7ffdf37da000 rw-p 00000000 00:00 0                          [stack]
7ffdf37e3000-7ffdf37e6000 r--p 00000000 00:00 0                          [vvar]
7ffdf37e6000-7ffdf37e8000 r-xp 00000000 00:00 0                          [vdso]

VM Arguments:
java_command: /home/lala/IdeaProjects/wifi_sign/target/surefire/surefirebooter3709323471500585958.jar /home/lala/IdeaProjects/wifi_sign/target/surefire/surefire7000366025633462964tmp /home/lala/IdeaProjects/wifi_sign/target/surefire/surefire_05212640205265520262tmp
java_class_path (initial): /home/lala/IdeaProjects/wifi_sign/target/surefire/surefirebooter3709323471500585958.jar
Launcher Type: SUN_STANDARD

Environment Variables:
PATH=/usr/local/bin:/usr/bin:/bin:/usr/local/sbin:/usr/lib/jvm/default/bin:/usr/bin/site_perl:/usr/bin/vendor_perl:/usr/bin/core_perl:/var/lib/snapd/snap/bin
SHELL=/usr/bin/zsh
DISPLAY=:0

Signal Handlers:
SIGSEGV: [libjvm.so+0xad4d90], sa_mask[0]=11111111011111111101111111111110, sa_flags=SA_RESTART|SA_SIGINFO
SIGBUS: [libjvm.so+0xad4d90], sa_mask[0]=11111111011111111101111111111110, sa_flags=SA_RESTART|SA_SIGINFO
SIGFPE: [libjvm.so+0x90bc10], sa_mask[0]=11111111011111111101111111111110, sa_flags=SA_RESTART|SA_SIGINFO
SIGPIPE: [libjvm.so+0x90bc10], sa_mask[0]=11111111011111111101111111111110, sa_flags=SA_RESTART|SA_SIGINFO
SIGXFSZ: [libjvm.so+0x90bc10], sa_mask[0]=11111111011111111101111111111110, sa_flags=SA_RESTART|SA_SIGINFO
SIGILL: [libjvm.so+0x90bc10], sa_mask[0]=11111111011111111101111111111110, sa_flags=SA_RESTART|SA_SIGINFO
SIGUSR1: SIG_DFL, sa_mask[0]=00000000000000000000000000000000, sa_flags=none
SIGUSR2: [libjvm.so+0x90bae0], sa_mask[0]=00100000000000000000000000000000, sa_flags=SA_RESTART|SA_SIGINFO
SIGHUP: SIG_IGN, sa_mask[0]=00000000000000000000000000000000, sa_flags=none
SIGINT: [libjvm.so+0x90c100], sa_mask[0]=11111111011111111101111111111110, sa_flags=SA_RESTART|SA_SIGINFO
SIGTERM: [libjvm.so+0x90c100], sa_mask[0]=11111111011111111101111111111110, sa_flags=SA_RESTART|SA_SIGINFO
SIGQUIT: [libjvm.so+0x90c100], sa_mask[0]=11111111011111111101111111111110, sa_flags=SA_RESTART|SA_SIGINFO


---------------  S Y S T E M  ---------------

OS:DISTRIB_ID=ManjaroLinux
DISTRIB_RELEASE=18.0.4
DISTRIB_CODENAME=Illyria
DISTRIB_DESCRIPTION="Manjaro Linux"

uname:Linux 4.19.62-1-MANJARO #1 SMP PREEMPT Sun Jul 28 09:14:58 UTC 2019 x86_64
libc:glibc 2.29 NPTL 2.29 
rlimit: STACK 8192k, CORE infinity, NPROC 31088, NOFILE 1048576, AS infinity
load average:2.02 1.02 1.09

/proc/meminfo:
MemTotal:        8063508 kB
MemFree:          130592 kB
MemAvailable:      70720 kB
Buffers:            2796 kB
Cached:          1248960 kB
SwapCached:            0 kB
Active:          6339824 kB
Inactive:        1178544 kB
Active(anon):    6289700 kB
Inactive(anon):  1130000 kB
Active(file):      50124 kB
Inactive(file):    48544 kB
Unevictable:          80 kB
Mlocked:              80 kB
SwapTotal:             0 kB
SwapFree:              0 kB
Dirty:                 0 kB
Writeback:             0 kB
AnonPages:       6267112 kB
Mapped:           431868 kB
Shmem:           1153212 kB
Slab:             170096 kB
SReclaimable:      63436 kB
SUnreclaim:       106660 kB
KernelStack:       20784 kB
PageTables:        71808 kB
NFS_Unstable:          0 kB
Bounce:                0 kB
WritebackTmp:          0 kB
CommitLimit:     4031752 kB
Committed_AS:   19548328 kB
VmallocTotal:   34359738367 kB
VmallocUsed:           0 kB
VmallocChunk:          0 kB
Percpu:             1696 kB
HardwareCorrupted:     0 kB
AnonHugePages:         0 kB
ShmemHugePages:        0 kB
ShmemPmdMapped:        0 kB
HugePages_Total:       0
HugePages_Free:        0
HugePages_Rsvd:        0
HugePages_Surp:        0
Hugepagesize:       2048 kB
Hugetlb:               0 kB
DirectMap4k:      361324 kB
DirectMap2M:     7923712 kB
DirectMap1G:           0 kB

container (cgroup) information:
container_type: cgroupv1
cpu_cpuset_cpus: 0-3
cpu_memory_nodes: 0
active_processor_count: 4
cpu_quota: -1
cpu_period: 100000
cpu_shares: -1
memory_limit_in_bytes: -1
memory_and_swap_limit_in_bytes: -1
memory_soft_limit_in_bytes: -1
memory_usage_in_bytes: 7297892352
memory_max_usage_in_bytes: 7306002432


CPU:total 4 (initial active 4) (2 cores per cpu, 2 threads per core) family 6 model 142 stepping 9, cmov, cx8, fxsr, mmx, sse, sse2, sse3, ssse3, sse4.1, sse4.2, popcnt, avx, avx2, aes, clmul, erms, 3dnowpref, lzcnt, ht, tsc, tscinvbit, bmi1, bmi2, adx

/proc/cpuinfo:
processor	: 0
vendor_id	: GenuineIntel
cpu family	: 6
model		: 142
model name	: Intel(R) Core(TM) i7-7500U CPU @ 2.70GHz
stepping	: 9
microcode	: 0xb4
cpu MHz		: 3499.999
cache size	: 4096 KB
physical id	: 0
siblings	: 4
core id		: 0
cpu cores	: 2
apicid		: 0
initial apicid	: 0
fpu		: yes
fpu_exception	: yes
cpuid level	: 22
wp		: yes
flags		: fpu vme de pse tsc msr pae mce cx8 apic sep mtrr pge mca cmov pat pse36 clflush dts acpi mmx fxsr sse sse2 ss ht tm pbe syscall nx pdpe1gb rdtscp lm constant_tsc art arch_perfmon pebs bts rep_good nopl xtopology nonstop_tsc cpuid aperfmperf tsc_known_freq pni pclmulqdq dtes64 monitor ds_cpl vmx est tm2 ssse3 sdbg fma cx16 xtpr pdcm pcid sse4_1 sse4_2 x2apic movbe popcnt tsc_deadline_timer aes xsave avx f16c rdrand lahf_lm abm 3dnowprefetch cpuid_fault epb invpcid_single pti ssbd ibrs ibpb stibp tpr_shadow vnmi flexpriority ept vpid ept_ad fsgsbase tsc_adjust bmi1 avx2 smep bmi2 erms invpcid mpx rdseed adx smap clflushopt intel_pt xsaveopt xsavec xgetbv1 xsaves dtherm ida arat pln pts hwp hwp_notify hwp_act_window hwp_epp md_clear flush_l1d
bugs		: cpu_meltdown spectre_v1 spectre_v2 spec_store_bypass l1tf mds
bogomips	: 5810.00
clflush size	: 64
cache_alignment	: 64
address sizes	: 39 bits physical, 48 bits virtual
power management:

processor	: 1
vendor_id	: GenuineIntel
cpu family	: 6
model		: 142
model name	: Intel(R) Core(TM) i7-7500U CPU @ 2.70GHz
stepping	: 9
microcode	: 0xb4
cpu MHz		: 3500.239
cache size	: 4096 KB
physical id	: 0
siblings	: 4
core id		: 1
cpu cores	: 2
apicid		: 2
initial apicid	: 2
fpu		: yes
fpu_exception	: yes
cpuid level	: 22
wp		: yes
flags		: fpu vme de pse tsc msr pae mce cx8 apic sep mtrr pge mca cmov pat pse36 clflush dts acpi mmx fxsr sse sse2 ss ht tm pbe syscall nx pdpe1gb rdtscp lm constant_tsc art arch_perfmon pebs bts rep_good nopl xtopology nonstop_tsc cpuid aperfmperf tsc_known_freq pni pclmulqdq dtes64 monitor ds_cpl vmx est tm2 ssse3 sdbg fma cx16 xtpr pdcm pcid sse4_1 sse4_2 x2apic movbe popcnt tsc_deadline_timer aes xsave avx f16c rdrand lahf_lm abm 3dnowprefetch cpuid_fault epb invpcid_single pti tpr_shadow vnmi flexpriority ept vpid ept_ad fsgsbase tsc_adjust bmi1 avx2 smep bmi2 erms invpcid mpx rdseed adx smap clflushopt intel_pt xsaveopt xsavec xgetbv1 xsaves dtherm ida arat pln pts hwp hwp_notify hwp_act_window hwp_epp
bugs		: cpu_meltdown spectre_v1 spectre_v2 spec_store_bypass l1tf mds
bogomips	: 5810.00
clflush size	: 64
cache_alignment	: 64
address sizes	: 39 bits physical, 48 bits virtual
power management:

processor	: 2
vendor_id	: GenuineIntel
cpu family	: 6
model		: 142
model name	: Intel(R) Core(TM) i7-7500U CPU @ 2.70GHz
stepping	: 9
microcode	: 0xb4
cpu MHz		: 3499.982
cache size	: 4096 KB
physical id	: 0
siblings	: 4
core id		: 0
cpu cores	: 2
apicid		: 1
initial apicid	: 1
fpu		: yes
fpu_exception	: yes
cpuid level	: 22
wp		: yes
flags		: fpu vme de pse tsc msr pae mce cx8 apic sep mtrr pge mca cmov pat pse36 clflush dts acpi mmx fxsr sse sse2 ss ht tm pbe syscall nx pdpe1gb rdtscp lm constant_tsc art arch_perfmon pebs bts rep_good nopl xtopology nonstop_tsc cpuid aperfmperf tsc_known_freq pni pclmulqdq dtes64 monitor ds_cpl vmx est tm2 ssse3 sdbg fma cx16 xtpr pdcm pcid sse4_1 sse4_2 x2apic movbe popcnt tsc_deadline_timer aes xsave avx f16c rdrand lahf_lm abm 3dnowprefetch cpuid_fault epb invpcid_single pti ssbd ibrs ibpb stibp tpr_shadow vnmi flexpriority ept vpid ept_ad fsgsbase tsc_adjust bmi1 avx2 smep bmi2 erms invpcid mpx rdseed adx smap clflushopt intel_pt xsaveopt xsavec xgetbv1 xsaves dtherm ida arat pln pts hwp hwp_notify hwp_act_window hwp_epp md_clear flush_l1d
bugs		: cpu_meltdown spectre_v1 spectre_v2 spec_store_bypass l1tf mds
bogomips	: 5810.00
clflush size	: 64
cache_alignment	: 64
address sizes	: 39 bits physical, 48 bits virtual
power management:

processor	: 3
vendor_id	: GenuineIntel
cpu family	: 6
model		: 142
model name	: Intel(R) Core(TM) i7-7500U CPU @ 2.70GHz
stepping	: 9
microcode	: 0xb4
cpu MHz		: 3500.252
cache size	: 4096 KB
physical id	: 0
siblings	: 4
core id		: 1
cpu cores	: 2
apicid		: 3
initial apicid	: 3
fpu		: yes
fpu_exception	: yes
cpuid level	: 22
wp		: yes
flags		: fpu vme de pse tsc msr pae mce cx8 apic sep mtrr pge mca cmov pat pse36 clflush dts acpi mmx fxsr sse sse2 ss ht tm pbe syscall nx pdpe1gb rdtscp lm constant_tsc art arch_perfmon pebs bts rep_good nopl xtopology nonstop_tsc cpuid aperfmperf tsc_known_freq pni pclmulqdq dtes64 monitor ds_cpl vmx est tm2 ssse3 sdbg fma cx16 xtpr pdcm pcid sse4_1 sse4_2 x2apic movbe popcnt tsc_deadline_timer aes xsave avx f16c rdrand lahf_lm abm 3dnowprefetch cpuid_fault epb invpcid_single pti ssbd ibrs ibpb stibp tpr_shadow vnmi flexpriority ept vpid ept_ad fsgsbase tsc_adjust bmi1 avx2 smep bmi2 erms invpcid mpx rdseed adx smap clflushopt intel_pt xsaveopt xsavec xgetbv1 xsaves dtherm ida arat pln pts hwp hwp_notify hwp_act_window hwp_epp md_clear flush_l1d
bugs		: cpu_meltdown spectre_v1 spectre_v2 spec_store_bypass l1tf mds
bogomips	: 5810.00
clflush size	: 64
cache_alignment	: 64
address sizes	: 39 bits physical, 48 bits virtual
power management:



Memory: 4k page, physical 8063508k(141680k free), swap 0k(0k free)

vm_info: Java HotSpot(TM) 64-Bit Server VM (25.231-b11) for linux-amd64 JRE (1.8.0_231-b11), built on Oct  5 2019 03:00:41 by "java_re" with gcc 7.3.0

time: Thu Dec 12 12:20:57 2019
timezone: CST
elapsed time: 3 seconds (0d 0h 0m 3s)

